<?xml version="1.0" encoding="UTF-8"?>
<!-- Generated by org.testng.reporters.JUnitReportReporter -->
<testsuite hostname="DESKTOP-7A9FBF0" failures="0" tests="3" name="TestNG.Example5_Keyword2_EnableFalse" time="0.023" errors="0" timestamp="2024-06-24T13:52:04 BST" skipped="2">
  <testcase classname="TestNG.Example5_Keyword2_EnableFalse" name="TC1" time="0.023">
    <system-out>
      <![CDATA[----runningTC1---]]>
    </system-out>
  </testcase> <!-- TC1 -->
  <testcase classname="TestNG.Example5_Keyword2_EnableFalse" name="TC3">
    <skipped/>
  </testcase> <!-- TC3 -->
  <testcase classname="TestNG.Example5_Keyword2_EnableFalse" name="TC2">
    <skipped/>
  </testcase> <!-- TC2 -->
  <system-out>
    <![CDATA[----runningTC1---]]>
  </system-out>
</testsuite> <!-- TestNG.Example5_Keyword2_EnableFalse -->
