<?xml version="1.0" encoding="UTF-8"?>
<!-- Generated by org.testng.reporters.JUnitReportReporter -->
<testsuite hostname="DESKTOP-7A9FBF0" failures="0" tests="1" name="TestNG.Example5_Keyword4_Timeout" time="4.045" errors="0" timestamp="2024-06-24T14:21:39 BST" skipped="0">
  <testcase classname="TestNG.Example5_Keyword4_Timeout" name="TC1" time="4.045">
    <system-out>
      <![CDATA[--runningTC1--]]>
    </system-out>
  </testcase> <!-- TC1 -->
  <system-out>
    <![CDATA[--runningTC1--]]>
  </system-out>
</testsuite> <!-- TestNG.Example5_Keyword4_Timeout -->
