<?xml version="1.0" encoding="UTF-8"?>
<!-- Generated by org.testng.reporters.JUnitReportReporter -->
<testsuite hostname="DESKTOP-7A9FBF0" failures="0" tests="2" name="TestNG.Example5_Keyword5_dependsOnMethod1" time="0.010" errors="0" timestamp="2024-06-25T10:58:38 BST" skipped="0">
  <testcase classname="TestNG.Example5_Keyword5_dependsOnMethod1" name="login" time="0.009">
    <system-out>
      <![CDATA[--running Login TC--]]>
    </system-out>
  </testcase> <!-- login -->
  <testcase classname="TestNG.Example5_Keyword5_dependsOnMethod1" name="logout" time="0.001">
    <system-out>
      <![CDATA[--running logout TC--]]>
    </system-out>
  </testcase> <!-- logout -->
  <system-out>
    <![CDATA[--running Login TC--
--running logout TC--]]>
  </system-out>
</testsuite> <!-- TestNG.Example5_Keyword5_dependsOnMethod1 -->
