<?xml version="1.0" encoding="UTF-8"?>
<!-- Generated by org.testng.reporters.JUnitReportReporter -->
<testsuite hostname="DESKTOP-7A9FBF0" failures="0" tests="3" name="TestNG.Example10_Sample2" time="0.005" errors="0" timestamp="2024-07-04T12:43:27 BST" skipped="0">
  <testcase classname="TestNG.Example10_Sample2" name="TC5" time="0.002">
    <system-out>
      <![CDATA[--running TC5--]]>
    </system-out>
  </testcase> <!-- TC5 -->
  <testcase classname="TestNG.Example10_Sample2" name="TC6" time="0.002">
    <system-out>
      <![CDATA[--running TC6--]]>
    </system-out>
  </testcase> <!-- TC6 -->
  <testcase classname="TestNG.Example10_Sample2" name="TC7" time="0.001">
    <system-out>
      <![CDATA[--running TC7--]]>
    </system-out>
  </testcase> <!-- TC7 -->
  <system-out>
    <![CDATA[-running TC1-
--running TC2--
--running TC3--
--running TC5--
--running TC6--
--running TC7--]]>
  </system-out>
</testsuite> <!-- TestNG.Example10_Sample2 -->
