<?xml version="1.0" encoding="UTF-8"?>
<!-- Generated by org.testng.reporters.JUnitReportReporter -->
<testsuite hostname="DESKTOP-7A9FBF0" failures="0" tests="2" name="TestNG.Example8_Sample1" time="0.024" errors="0" timestamp="2024-07-04T10:51:07 BST" skipped="0">
  <testcase classname="TestNG.Example8_Sample1" name="TC2" time="0.021">
    <system-out>
      <![CDATA[--running TC2--]]>
    </system-out>
  </testcase> <!-- TC2 -->
  <testcase classname="TestNG.Example8_Sample1" name="TC3" time="0.003">
    <system-out>
      <![CDATA[--running TC3--]]>
    </system-out>
  </testcase> <!-- TC3 -->
  <system-out>
    <![CDATA[--running TC2--
--running TC3--
--running TC4--
--running TC5--]]>
  </system-out>
</testsuite> <!-- TestNG.Example8_Sample1 -->
