<?xml version="1.0" encoding="UTF-8"?>
<!-- Generated by org.testng.reporters.JUnitReportReporter -->
<testsuite hostname="DESKTOP-7A9FBF0" failures="0" tests="1" name="POM_DDF_TestNG_BaseClass_UtilityClass.SwagLabsLoginTest" time="15.160" errors="0" timestamp="2024-07-16T22:21:56 BST" skipped="0">
  <testcase classname="POM_DDF_TestNG_BaseClass_UtilityClass.SwagLabsLoginTest" name="verifyLogo" time="15.160"/>
</testsuite> <!-- POM_DDF_TestNG_BaseClass_UtilityClass.SwagLabsLoginTest -->
