<?xml version="1.0" encoding="UTF-8"?>
<!-- Generated by org.testng.reporters.JUnitReportReporter -->
<testsuite hostname="DESKTOP-7A9FBF0" failures="0" tests="3" name="TestNG.Example6_Sample2" time="0.004" errors="0" timestamp="2024-07-03T20:17:26 BST" skipped="0">
  <testcase classname="TestNG.Example6_Sample2" name="TC4" time="0.001">
    <system-out>
      <![CDATA[--running TC4--]]>
    </system-out>
  </testcase> <!-- TC4 -->
  <testcase classname="TestNG.Example6_Sample2" name="TC6" time="0.001">
    <system-out>
      <![CDATA[--running TC6--]]>
    </system-out>
  </testcase> <!-- TC6 -->
  <testcase classname="TestNG.Example6_Sample2" name="TC5" time="0.002">
    <system-out>
      <![CDATA[--running TC5--]]>
    </system-out>
  </testcase> <!-- TC5 -->
  <system-out>
    <![CDATA[--runningTC1--
--runningT2--
--runningTC3--
--running TC4--
--running TC5--
--running TC6--]]>
  </system-out>
</testsuite> <!-- TestNG.Example6_Sample2 -->
