<?xml version="1.0" encoding="UTF-8"?>
<!-- Generated by org.testng.reporters.JUnitReportReporter -->
<testsuite hostname="DESKTOP-7A9FBF0" failures="0" tests="2" name="TestNG.Example3_EmailableReport" time="0.018" errors="0" timestamp="2024-06-24T12:45:08 BST" skipped="0">
  <testcase classname="TestNG.Example3_EmailableReport" name="TC2" time="0.003">
    <system-out>
      <![CDATA[----runningTC2------]]>
    </system-out>
  </testcase> <!-- TC2 -->
  <testcase classname="TestNG.Example3_EmailableReport" name="TC1" time="0.015">
    <system-out>
      <![CDATA[----running  TC1----]]>
    </system-out>
  </testcase> <!-- TC1 -->
  <system-out>
    <![CDATA[----running  TC1----
----runningTC2------]]>
  </system-out>
</testsuite> <!-- TestNG.Example3_EmailableReport -->
