<?xml version="1.0" encoding="UTF-8"?>
<!-- Generated by org.testng.reporters.JUnitReportReporter -->
<testsuite hostname="DESKTOP-7A9FBF0" failures="0" tests="1" name="TestNG.Example11_Parallel2" time="8.235" errors="0" timestamp="2024-07-08T14:18:53 BST" skipped="0">
  <testcase classname="TestNG.Example11_Parallel2" name="OpenGoogleApp" time="8.235">
    <system-out>
      <![CDATA[--Open Google APP--]]>
    </system-out>
  </testcase> <!-- OpenGoogleApp -->
  <system-out>
    <![CDATA[--Open Facebook APP--
--Open flipkart App--
--Open Google APP--]]>
  </system-out>
</testsuite> <!-- TestNG.Example11_Parallel2 -->
