<?xml version="1.0" encoding="UTF-8"?>
<!-- Generated by org.testng.reporters.JUnitReportReporter -->
<testsuite hostname="DESKTOP-7A9FBF0" failures="0" tests="1" name="POM_DDF_TestNG.SwagLabsLoginTest" time="14.175" errors="0" timestamp="2024-07-09T23:02:05 BST" skipped="0">
  <testcase classname="POM_DDF_TestNG.SwagLabsLoginTest" name="verifyLogo" time="14.175"/>
</testsuite> <!-- POM_DDF_TestNG.SwagLabsLoginTest -->
