<?xml version="1.0" encoding="UTF-8"?>
<!-- Generated by org.testng.reporters.JUnitReportReporter -->
<testsuite hostname="DESKTOP-7A9FBF0" failures="0" tests="3" name="TestNG.Example5_Keyword3_priority1" time="0.026" errors="0" timestamp="2024-06-24T13:59:30 BST" skipped="0">
  <testcase classname="TestNG.Example5_Keyword3_priority1" name="TC2" time="0.020">
    <system-out>
      <![CDATA[--running TC2--]]>
    </system-out>
  </testcase> <!-- TC2 -->
  <testcase classname="TestNG.Example5_Keyword3_priority1" name="TC3" time="0.003">
    <system-out>
      <![CDATA[--running TC3--]]>
    </system-out>
  </testcase> <!-- TC3 -->
  <testcase classname="TestNG.Example5_Keyword3_priority1" name="TC1" time="0.003">
    <system-out>
      <![CDATA[--running TC1--]]>
    </system-out>
  </testcase> <!-- TC1 -->
  <system-out>
    <![CDATA[--running TC2--
--running TC3--
--running TC1--]]>
  </system-out>
</testsuite> <!-- TestNG.Example5_Keyword3_priority1 -->
