<?xml version="1.0" encoding="UTF-8"?>
<!-- Generated by org.testng.reporters.JUnitReportReporter -->
<testsuite hostname="DESKTOP-7A9FBF0" failures="0" tests="10" name="TestNG.Example5_Keyword1_invocationCount" time="0.024" errors="0" timestamp="2024-06-24T13:10:06 BST" skipped="0">
  <testcase classname="TestNG.Example5_Keyword1_invocationCount" name="TC1" time="0.001">
    <system-out>
      <![CDATA[----running TC1---]]>
    </system-out>
  </testcase> <!-- TC1 -->
  <testcase classname="TestNG.Example5_Keyword1_invocationCount" name="TC1" time="0.009">
    <system-out>
      <![CDATA[----running TC1---]]>
    </system-out>
  </testcase> <!-- TC1 -->
  <testcase classname="TestNG.Example5_Keyword1_invocationCount" name="TC1" time="0.003">
    <system-out>
      <![CDATA[----running TC1---]]>
    </system-out>
  </testcase> <!-- TC1 -->
  <testcase classname="TestNG.Example5_Keyword1_invocationCount" name="TC1" time="0.001">
    <system-out>
      <![CDATA[----running TC1---]]>
    </system-out>
  </testcase> <!-- TC1 -->
  <testcase classname="TestNG.Example5_Keyword1_invocationCount" name="TC1" time="0.001">
    <system-out>
      <![CDATA[----running TC1---]]>
    </system-out>
  </testcase> <!-- TC1 -->
  <testcase classname="TestNG.Example5_Keyword1_invocationCount" name="TC1" time="0.003">
    <system-out>
      <![CDATA[----running TC1---]]>
    </system-out>
  </testcase> <!-- TC1 -->
  <testcase classname="TestNG.Example5_Keyword1_invocationCount" name="TC1" time="0.001">
    <system-out>
      <![CDATA[----running TC1---]]>
    </system-out>
  </testcase> <!-- TC1 -->
  <testcase classname="TestNG.Example5_Keyword1_invocationCount" name="TC1" time="0.002">
    <system-out>
      <![CDATA[----running TC1---]]>
    </system-out>
  </testcase> <!-- TC1 -->
  <testcase classname="TestNG.Example5_Keyword1_invocationCount" name="TC1" time="0.002">
    <system-out>
      <![CDATA[----running TC1---]]>
    </system-out>
  </testcase> <!-- TC1 -->
  <testcase classname="TestNG.Example5_Keyword1_invocationCount" name="TC1" time="0.001">
    <system-out>
      <![CDATA[----running TC1---]]>
    </system-out>
  </testcase> <!-- TC1 -->
  <system-out>
    <![CDATA[----running TC1---
----running TC1---
----running TC1---
----running TC1---
----running TC1---
----running TC1---
----running TC1---
----running TC1---
----running TC1---
----running TC1---]]>
  </system-out>
</testsuite> <!-- TestNG.Example5_Keyword1_invocationCount -->
