<?xml version="1.0" encoding="UTF-8"?>
<!-- Generated by org.testng.reporters.JUnitReportReporter -->
<testsuite hostname="DESKTOP-7A9FBF0" failures="0" tests="3" name="TestNG.Example6_Sample1" time="0.014" errors="0" timestamp="2024-07-03T20:17:26 BST" skipped="0">
  <testcase classname="TestNG.Example6_Sample1" name="TC1" time="0.011">
    <system-out>
      <![CDATA[--runningTC1--]]>
    </system-out>
  </testcase> <!-- TC1 -->
  <testcase classname="TestNG.Example6_Sample1" name="TC3" time="0.001">
    <system-out>
      <![CDATA[--runningTC3--]]>
    </system-out>
  </testcase> <!-- TC3 -->
  <testcase classname="TestNG.Example6_Sample1" name="TC2" time="0.002">
    <system-out>
      <![CDATA[--runningT2--]]>
    </system-out>
  </testcase> <!-- TC2 -->
  <system-out>
    <![CDATA[--runningTC1--
--runningT2--
--runningTC3--
--running TC4--
--running TC5--
--running TC6--]]>
  </system-out>
</testsuite> <!-- TestNG.Example6_Sample1 -->
