<?xml version="1.0" encoding="UTF-8"?>
<!-- Generated by org.testng.reporters.JUnitReportReporter -->
<testsuite hostname="DESKTOP-7A9FBF0" failures="0" tests="3" name="TestNG.Example5_Keyword5_dependsOnMethod2" time="0.019" errors="0" timestamp="2024-06-25T11:08:29 BST" skipped="0">
  <testcase classname="TestNG.Example5_Keyword5_dependsOnMethod2" name="logout" time="0.003">
    <system-out>
      <![CDATA[--running logout TC--]]>
    </system-out>
  </testcase> <!-- logout -->
  <testcase classname="TestNG.Example5_Keyword5_dependsOnMethod2" name="login1" time="0.014">
    <system-out>
      <![CDATA[--running Login1 TC--]]>
    </system-out>
  </testcase> <!-- login1 -->
  <testcase classname="TestNG.Example5_Keyword5_dependsOnMethod2" name="login2" time="0.002">
    <system-out>
      <![CDATA[--running Login2 TC--]]>
    </system-out>
  </testcase> <!-- login2 -->
  <system-out>
    <![CDATA[--running Login1 TC--
--running Login2 TC--
--running logout TC--]]>
  </system-out>
</testsuite> <!-- TestNG.Example5_Keyword5_dependsOnMethod2 -->
