<?xml version="1.0" encoding="UTF-8"?>
<!-- Generated by org.testng.reporters.JUnitReportReporter -->
<testsuite hostname="DESKTOP-7A9FBF0" failures="0" tests="3" name="TestNG.Example10_Sample1" time="0.022" errors="0" timestamp="2024-07-04T12:43:27 BST" skipped="0">
  <testcase classname="TestNG.Example10_Sample1" name="TC1" time="0.015">
    <system-out>
      <![CDATA[-running TC1-]]>
    </system-out>
  </testcase> <!-- TC1 -->
  <testcase classname="TestNG.Example10_Sample1" name="TC2" time="0.002">
    <system-out>
      <![CDATA[--running TC2--]]>
    </system-out>
  </testcase> <!-- TC2 -->
  <testcase classname="TestNG.Example10_Sample1" name="TC3" time="0.005">
    <system-out>
      <![CDATA[--running TC3--]]>
    </system-out>
  </testcase> <!-- TC3 -->
  <system-out>
    <![CDATA[-running TC1-
--running TC2--
--running TC3--
--running TC5--
--running TC6--
--running TC7--]]>
  </system-out>
</testsuite> <!-- TestNG.Example10_Sample1 -->
