<?xml version="1.0" encoding="UTF-8"?>
<!-- Generated by org.testng.reporters.JUnitReportReporter -->
<testsuite hostname="DESKTOP-7A9FBF0" failures="0" tests="2" name="TestNG.Example8_Sample2" time="0.006" errors="0" timestamp="2024-07-04T10:51:07 BST" skipped="0">
  <testcase classname="TestNG.Example8_Sample2" name="TC4" time="0.003">
    <system-out>
      <![CDATA[--running TC4--]]>
    </system-out>
  </testcase> <!-- TC4 -->
  <testcase classname="TestNG.Example8_Sample2" name="TC5" time="0.003">
    <system-out>
      <![CDATA[--running TC5--]]>
    </system-out>
  </testcase> <!-- TC5 -->
  <system-out>
    <![CDATA[--running TC2--
--running TC3--
--running TC4--
--running TC5--]]>
  </system-out>
</testsuite> <!-- TestNG.Example8_Sample2 -->
