<?xml version="1.0" encoding="UTF-8"?>
<!-- Generated by org.testng.reporters.JUnitReportReporter -->
<testsuite hostname="DESKTOP-7A9FBF0" failures="0" tests="1" name="TestNG.Example2_TestNg_TestClass" time="4.211" errors="0" timestamp="2024-06-19T12:18:48 BST" skipped="0">
  <testcase classname="TestNG.Example2_TestNg_TestClass" name="OpenFacebookApp" time="4.211"/>
</testsuite> <!-- TestNG.Example2_TestNg_TestClass -->
