<?xml version="1.0" encoding="UTF-8"?>
<!-- Generated by org.testng.reporters.JUnitReportReporter -->
<testsuite hostname="DESKTOP-7A9FBF0" failures="0" tests="3" name="TestNG.Example12_MultiBrowserTesting" time="61.885" errors="0" timestamp="2024-07-09T22:01:15 BST" skipped="0">
  <testcase classname="TestNG.Example12_MultiBrowserTesting" name="loginToSwagLabApp" time="18.849"/>
  <testcase classname="TestNG.Example12_MultiBrowserTesting" name="loginToSwagLabApp" time="24.503"/>
  <testcase classname="TestNG.Example12_MultiBrowserTesting" name="loginToSwagLabApp" time="18.533"/>
</testsuite> <!-- TestNG.Example12_MultiBrowserTesting -->
