<?xml version="1.0" encoding="UTF-8"?>
<!-- Generated by org.testng.reporters.JUnitReportReporter -->
<testsuite hostname="DESKTOP-7A9FBF0" failures="0" tests="6" name="TestNG.Example5_Keyword3_priority2" time="0.037" errors="0" timestamp="2024-06-24T14:13:43 BST" skipped="0">
  <testcase classname="TestNG.Example5_Keyword3_priority2" name="TC6" time="0.023">
    <system-out>
      <![CDATA[--running TC6--]]>
    </system-out>
  </testcase> <!-- TC6 -->
  <testcase classname="TestNG.Example5_Keyword3_priority2" name="TC5" time="0.003">
    <system-out>
      <![CDATA[--running TC5--]]>
    </system-out>
  </testcase> <!-- TC5 -->
  <testcase classname="TestNG.Example5_Keyword3_priority2" name="TC4" time="0.003">
    <system-out>
      <![CDATA[--running TC4--]]>
    </system-out>
  </testcase> <!-- TC4 -->
  <testcase classname="TestNG.Example5_Keyword3_priority2" name="TC2" time="0.003">
    <system-out>
      <![CDATA[--running TC2--]]>
    </system-out>
  </testcase> <!-- TC2 -->
  <testcase classname="TestNG.Example5_Keyword3_priority2" name="TC3" time="0.002">
    <system-out>
      <![CDATA[--running TC3--]]>
    </system-out>
  </testcase> <!-- TC3 -->
  <testcase classname="TestNG.Example5_Keyword3_priority2" name="TC1" time="0.003">
    <system-out>
      <![CDATA[--runningTC1--]]>
    </system-out>
  </testcase> <!-- TC1 -->
  <system-out>
    <![CDATA[--running TC6--
--running TC4--
--running TC5--
--running TC2--
--running TC3--
--runningTC1--]]>
  </system-out>
</testsuite> <!-- TestNG.Example5_Keyword3_priority2 -->
