<?xml version="1.0" encoding="UTF-8"?>
<!-- Generated by org.testng.reporters.JUnitReportReporter -->
<testsuite hostname="DESKTOP-7A9FBF0" failures="0" tests="3" name="TestNG.Example8_DisableTcExecution1_fromTestClass" time="0.012" errors="0" timestamp="2024-07-02T22:19:53 BST" skipped="1">
  <testcase classname="TestNG.Example8_DisableTcExecution1_fromTestClass" name="TC3" time="0.002">
    <system-out>
      <![CDATA[--running TC3--]]>
    </system-out>
  </testcase> <!-- TC3 -->
  <testcase classname="TestNG.Example8_DisableTcExecution1_fromTestClass" name="TC1" time="0.010">
    <system-out>
      <![CDATA[--runningTC1--]]>
    </system-out>
  </testcase> <!-- TC1 -->
  <testcase classname="TestNG.Example8_DisableTcExecution1_fromTestClass" name="TC2">
    <skipped/>
  </testcase> <!-- TC2 -->
  <system-out>
    <![CDATA[--runningTC1--
--running TC3--]]>
  </system-out>
</testsuite> <!-- TestNG.Example8_DisableTcExecution1_fromTestClass -->
