<?xml version="1.0" encoding="UTF-8"?>
<!-- Generated by org.testng.reporters.JUnitReportReporter -->
<testsuite hostname="DESKTOP-7A9FBF0" failures="0" tests="1" name="POM_DDF_TestNG_BaseClass_UtilityClass_FailedTCesSS_PropertyFile.SwagLabsLoginTest" time="14.630" errors="0" timestamp="2024-07-18T11:00:17 BST" skipped="0">
  <testcase classname="POM_DDF_TestNG_BaseClass_UtilityClass_FailedTCesSS_PropertyFile.SwagLabsLoginTest" name="verifyLogo" time="14.630"/>
</testsuite> <!-- POM_DDF_TestNG_BaseClass_UtilityClass_FailedTCesSS_PropertyFile.SwagLabsLoginTest -->
