<?xml version="1.0" encoding="UTF-8"?>
<!-- Generated by org.testng.reporters.JUnitReportReporter -->
<testsuite hostname="DESKTOP-7A9FBF0" failures="0" tests="2" name="TestNG.Example4_Annotations" time="0.011" errors="0" timestamp="2024-06-24T13:02:38 BST" skipped="0">
  <testcase classname="TestNG.Example4_Annotations" name="VerifyLogo1" time="0.008">
    <system-out>
      <![CDATA[--Running Verify Logo1 TC--]]>
    </system-out>
  </testcase> <!-- VerifyLogo1 -->
  <testcase classname="TestNG.Example4_Annotations" name="VerifyLogo2" time="0.003">
    <system-out>
      <![CDATA[--Running Verify Logo2 TC--]]>
    </system-out>
  </testcase> <!-- VerifyLogo2 -->
  <system-out>
    <![CDATA[------open Browser------
----Login  to  App------
--Running Verify Logo1 TC--
--logout From App--
----Login  to  App------
--Running Verify Logo2 TC--
--logout From App--
----------close Browser-----------]]>
  </system-out>
</testsuite> <!-- TestNG.Example4_Annotations -->
